commit ae1c7d4643a72eb614113c8e13a9fe3e622dcce1
Author: Trevor <trevorculp@mail.weber.edu>
Date:   Thu Mar 1 10:04:08 2018 -0700

    update

commit 63175303f3c5a53d3f991fdde1917b79c2c30f38
Author: Trevor <trevorculp@mail.weber.edu>
Date:   Thu Mar 1 09:09:46 2018 -0700

    update

commit d031a432e88e7fb5001dae78bb09e910c357b77e
Author: Trevor <trevorculp@mail.weber.edu>
Date:   Tue Feb 27 08:44:42 2018 -0700

    Initial commit

commit 3bfe963c063ed96b111b02890b56407959c16cf1
Author: Trevor <trevorculp@mail.weber.edu>
Date:   Tue Feb 20 10:11:35 2018 -0700

    Initial commit

commit 16c58bea886138a786860d2b5530c76ee31e8117
Author: Trevor <trevorculp@mail.weber.edu>
Date:   Tue Feb 20 09:28:40 2018 -0700

    Initial commit

commit 6c37b04b773329271603f3b2a6ee372249ae3dd2
Author: Trevor <trevorculp@mail.weber.edu>
Date:   Tue Feb 20 09:27:33 2018 -0700

    Initial commit

commit 9041845375bae34f53049b815f8fd61da73ee9a0
Author: Trevor <trevorculp@mail.weber.edu>
Date:   Thu Feb 8 10:08:33 2018 -0700

    initial commit

commit ac444600b6273e8867fcafdc04e384ab366c8cdf
Author: Trevor <trevorculp@mail.weber.edu>
Date:   Tue Feb 6 13:06:59 2018 -0700

    update

commit a50d7dc6ee922028cf2d90b33f81ea9a165006df
Author: Trevor <trevorculp@mail.weber.edu>
Date:   Tue Feb 6 12:42:27 2018 -0700

    initial commit

commit c0f922af11c2b597bd054cb40bdc3c7ec0c7ab2b
Author: Trevor <trevorculp@mail.weber.edu>
Date:   Tue Feb 6 12:40:45 2018 -0700

    update files

commit 64edb910af6c8f1f45a4719970bdc9b0bba1280b
Author: Trevor <trevorculp@mail.weber.edu>
Date:   Tue Feb 6 09:22:56 2018 -0700

    Initial commit

commit 0aa18cb04eb999024a41ba4a389541918fcd88dd
Author: Trevor <trevorculp@mail.weber.edu>
Date:   Tue Feb 6 09:21:58 2018 -0700

    Initial commit

commit 5d74fbea14c5bdc64b8dcb1e9f7ddf9f0cc77dc2
Author: Trevor <trevorculp@mail.weber.edu>
Date:   Thu Feb 1 10:01:04 2018 -0700

    initial commit

commit 84ed7c59f1a757b1e10888869efe947a343a1eaf
Author: Trevor <trevorculp@mail.weber.edu>
Date:   Thu Feb 1 09:42:14 2018 -0700

    update

commit ab584931385074021bcc06ef06f2010430f8ba63
Author: Trevor <trevorculp@mail.weber.edu>
Date:   Thu Feb 1 09:41:56 2018 -0700

    initial commit

commit 44e0021dcb4914d2ddb03f527fbf685058a5473b
Author: Trevor <trevorculp@mail.weber.edu>
Date:   Tue Jan 30 10:14:36 2018 -0700

    initial commit

commit 087106873260f8bedcd15dc1fc21e90f8f1cd1ae
Author: Trevor <trevorculp@mail.weber.edu>
Date:   Tue Jan 30 10:08:23 2018 -0700

    update

commit fb2d94503c5766cd118bff1de9a015284690f53e
Author: Trevor <trevorculp@mail.weber.edu>
Date:   Tue Jan 30 10:07:37 2018 -0700

    initial commit

commit ff1384c55a952aa99dc41151292fb52dcb501f21
Author: Trevor <trevorculp@mail.weber.edu>
Date:   Tue Jan 30 09:26:26 2018 -0700

    Initial commit

commit 1ac2c90a6aa23d18404d63a207a35a20d51fff80
Author: Trevor <trevorculp@mail.weber.edu>
Date:   Thu Jan 25 10:16:41 2018 -0700

    initial commit

commit 58522797cba52e3763ced390145ca52761afc821
Author: T-culp <35640101+T-culp@users.noreply.github.com>
Date:   Thu Jan 25 09:44:51 2018 -0700

    Initial commit

commit 99bdc7b978d35c10c2a5c98daf14b5a595370d29
Author: Trevor <trevorculp@mail.weber.edu>
Date:   Thu Jan 25 08:59:09 2018 -0700

    Initial commit

commit 6cf453128c2c5cdb0f0327be53dbf3ed6e3d28d3
Author: Trevor <trevorculp@mail.weber.edu>
Date:   Tue Jan 23 10:18:16 2018 -0700

    First commit of strings executable file

commit a2adcac0dc9e50b44155687de6f67623aa61d78a
Author: Trevor <trevorculp@mail.weber.edu>
Date:   Tue Jan 23 10:14:31 2018 -0700

    New string file

commit f8772f227390476b57eb365d2f2aa8e8ea312f4c
Author: Trevor <trevorculp@mail.weber.edu>
Date:   Tue Jan 23 10:01:59 2018 -0700

    Fixed ENTER char issue

commit 971f6b253e8d70a7f3c9768adf42854a04c759e4
Author: Trevor <trevorculp@mail.weber.edu>
Date:   Tue Jan 23 09:45:26 2018 -0700

    Initial commit

commit 002998deb05893b2becc3e6423df64c2974e30f7
Author: Trevor <trevorculp@mail.weber.edu>
Date:   Tue Jan 23 09:22:22 2018 -0700

    Add more instructions

commit dbd19b1d83ee50d6144fb41a3737529ad820b3b4
Author: T-culp <35640101+T-culp@users.noreply.github.com>
Date:   Tue Jan 23 09:16:46 2018 -0700

    Initial commit
